Bringing machine 'default' up with 'virtualbox' provider...
==> default: Importing base box 'ubuntu/trusty64'...
[KProgress: 90%[K==> default: Matching MAC address for NAT networking...
==> default: Checking if box 'ubuntu/trusty64' is up to date...
==> default: A newer version of the box 'ubuntu/trusty64' is available! You currently
==> default: have version '20160323.1.0'. The latest is version '20160602.0.0'. Run
==> default: `vagrant box update` to update.
==> default: Setting the name of the VM: virtualbox_default_1465569238258_17115
==> default: Clearing any previously set forwarded ports...
==> default: Clearing any previously set network interfaces...
==> default: Preparing network interfaces based on configuration...
    default: Adapter 1: nat
==> default: Forwarding ports...
    default: 80 => 8080 (adapter 1)
    default: 22 => 2222 (adapter 1)
==> default: Booting VM...
==> default: Waiting for machine to boot. This may take a few minutes...
    default: SSH address: 127.0.0.1:2222
    default: SSH username: vagrant
    default: SSH auth method: private key
    default: Warning: Connection timeout. Retrying...
    default: Warning: Remote connection disconnect. Retrying...
    default: 
    default: Vagrant insecure key detected. Vagrant will automatically replace
    default: this with a newly generated keypair for better security.
    default: 
    default: Inserting generated public key within guest...
    default: Removing insecure key from the guest if it's present...
    default: Key inserted! Disconnecting and reconnecting using new SSH key...
==> default: Machine booted and ready!
==> default: Checking for guest additions in VM...
==> default: Mounting shared folders...
    default: /vagrant => /Users/elricb/Projects/dev-tools/projects/virtualbox
==> default: Running provisioner: shell...
    default: Running: /var/folders/q3/w_4ysmjd5fx2g74cxdz1_sh80000gp/T/vagrant-shell20160610-31228-18adyic.sh
==> default: stdin: is not a tty
==> default: Get:1 http://security.ubuntu.com trusty-security InRelease [65.9 kB]
==> default: Get:2 http://security.ubuntu.com trusty-security/main Sources [117 kB]
==> default: Ign http://archive.ubuntu.com trusty InRelease
==> default: Get:3 http://security.ubuntu.com trusty-security/universe Sources [37.3 kB]
==> default: Get:4 http://security.ubuntu.com trusty-security/main amd64 Packages [493 kB]
==> default: Get:5 http://archive.ubuntu.com trusty-updates InRelease [65.9 kB]
==> default: Get:6 http://security.ubuntu.com trusty-security/universe amd64 Packages [130 kB]
==> default: Get:7 http://security.ubuntu.com trusty-security/main Translation-en [271 kB]
==> default: Get:8 http://archive.ubuntu.com trusty-backports InRelease [65.9 kB]
==> default: Get:9 http://security.ubuntu.com trusty-security/universe Translation-en [76.6 kB]
==> default: Hit http://archive.ubuntu.com trusty Release.gpg
==> default: Get:10 http://archive.ubuntu.com trusty-updates/main Sources [277 kB]
==> default: Get:11 http://archive.ubuntu.com trusty-updates/restricted Sources [5,352 B]
==> default: Get:12 http://archive.ubuntu.com trusty-updates/universe Sources [156 kB]
==> default: Get:13 http://archive.ubuntu.com trusty-updates/multiverse Sources [5,939 B]
==> default: Get:14 http://archive.ubuntu.com trusty-updates/main amd64 Packages [781 kB]
==> default: Get:15 http://archive.ubuntu.com trusty-updates/restricted amd64 Packages [15.9 kB]
==> default: Get:16 http://archive.ubuntu.com trusty-updates/universe amd64 Packages [361 kB]
==> default: Get:17 http://archive.ubuntu.com trusty-updates/multiverse amd64 Packages [13.2 kB]
==> default: Get:18 http://archive.ubuntu.com trusty-updates/main Translation-en [391 kB]
==> default: Get:19 http://archive.ubuntu.com trusty-updates/multiverse Translation-en [7,227 B]
==> default: Get:20 http://archive.ubuntu.com trusty-updates/restricted Translation-en [3,699 B]
==> default: Get:21 http://archive.ubuntu.com trusty-updates/universe Translation-en [189 kB]
==> default: Get:22 http://archive.ubuntu.com trusty-backports/main Sources [9,551 B]
==> default: Get:23 http://archive.ubuntu.com trusty-backports/restricted Sources [28 B]
==> default: Get:24 http://archive.ubuntu.com trusty-backports/universe Sources [35.2 kB]
==> default: Get:25 http://archive.ubuntu.com trusty-backports/multiverse Sources [1,898 B]
==> default: Get:26 http://archive.ubuntu.com trusty-backports/main amd64 Packages [13.3 kB]
==> default: Get:27 http://archive.ubuntu.com trusty-backports/restricted amd64 Packages [28 B]
==> default: Get:28 http://archive.ubuntu.com trusty-backports/universe amd64 Packages [43.2 kB]
==> default: Get:29 http://archive.ubuntu.com trusty-backports/multiverse amd64 Packages [1,571 B]
==> default: Get:30 http://archive.ubuntu.com trusty-backports/main Translation-en [7,505 B]
==> default: Get:31 http://archive.ubuntu.com trusty-backports/multiverse Translation-en [1,215 B]
==> default: Get:32 http://archive.ubuntu.com trusty-backports/restricted Translation-en [28 B]
==> default: Get:33 http://archive.ubuntu.com trusty-backports/universe Translation-en [36.8 kB]
==> default: Hit http://archive.ubuntu.com trusty Release
==> default: Get:34 http://archive.ubuntu.com trusty/main Sources [1,064 kB]
==> default: Get:35 http://archive.ubuntu.com trusty/restricted Sources [5,433 B]
==> default: Get:36 http://archive.ubuntu.com trusty/universe Sources [6,399 kB]
==> default: Get:37 http://archive.ubuntu.com trusty/multiverse Sources [174 kB]
==> default: Hit http://archive.ubuntu.com trusty/main amd64 Packages
==> default: Hit http://archive.ubuntu.com trusty/restricted amd64 Packages
==> default: Hit http://archive.ubuntu.com trusty/universe amd64 Packages
==> default: Hit http://archive.ubuntu.com trusty/multiverse amd64 Packages
==> default: Hit http://archive.ubuntu.com trusty/main Translation-en
==> default: Hit http://archive.ubuntu.com trusty/multiverse Translation-en
==> default: Hit http://archive.ubuntu.com trusty/restricted Translation-en
==> default: Hit http://archive.ubuntu.com trusty/universe Translation-en
==> default: Ign http://archive.ubuntu.com trusty/main Translation-en_US
==> default: Ign http://archive.ubuntu.com trusty/multiverse Translation-en_US
==> default: Ign http://archive.ubuntu.com trusty/restricted Translation-en_US
==> default: Ign http://archive.ubuntu.com trusty/universe Translation-en_US
==> default: Fetched 11.3 MB in 14s (800 kB/s)
==> default: Reading package lists...
==> default: Reading package lists...
==> default: Building dependency tree...
==> default: Reading state information...
==> default: The following extra packages will be installed:
==> default:   apache2-bin apache2-data javascript-common libaio1 libapache2-mod-php5
==> default:   libapr1 libaprutil1 libaprutil1-dbd-sqlite3 libaprutil1-ldap
==> default:   libdbd-mysql-perl libdbi-perl libhtml-template-perl libjs-cropper
==> default:   libjs-prototype libjs-scriptaculous libmysqlclient18 libphp-phpmailer
==> default:   libphp-snoopy libterm-readkey-perl mysql-client-5.5 mysql-client-core-5.5
==> default:   mysql-common mysql-server-5.5 mysql-server-core-5.5 php5-cli php5-common
==> default:   php5-gd php5-json php5-readline ssl-cert tinymce wordpress-l10n
==> default:   wordpress-theme-twentyfourteen wordpress-theme-twentytwelve
==> default: Suggested packages:
==> default:   apache2-doc apache2-suexec-pristine apache2-suexec-custom apache2-utils
==> default:   php-pear libclone-perl libmldbm-perl libnet-daemon-perl libplrpc-perl
==> default:   libsql-statement-perl libipc-sharedcache-perl mail-transport-agent tinyca
==> default:   mailx php5-user-cache openssl-blacklist
==> default: The following NEW packages will be installed:
==> default:   apache2 apache2-bin apache2-data javascript-common libaio1
==> default:   libapache2-mod-php5 libapr1 libaprutil1 libaprutil1-dbd-sqlite3
==> default:   libaprutil1-ldap libdbd-mysql-perl libdbi-perl libhtml-template-perl
==> default:   libjs-cropper libjs-prototype libjs-scriptaculous libmysqlclient18
==> default:   libphp-phpmailer libphp-snoopy libterm-readkey-perl mysql-client-5.5
==> default:   mysql-client-core-5.5 mysql-common mysql-server mysql-server-5.5
==> default:   mysql-server-core-5.5 php5 php5-cli php5-common php5-gd php5-json php5-mysql
==> default:   php5-readline ssl-cert tinymce wordpress wordpress-l10n
==> default:   wordpress-theme-twentyfourteen wordpress-theme-twentytwelve
==> default: 0 upgraded, 39 newly installed, 0 to remove and 62 not upgraded.
==> default: Need to get 24.2 MB of archives.
==> default: After this operation, 172 MB of additional disk space will be used.
==> default: Get:1 http://archive.ubuntu.com/ubuntu/ trusty/main libaio1 amd64 0.3.109-4 [6,364 B]
==> default: Get:2 http://archive.ubuntu.com/ubuntu/ trusty/main libapr1 amd64 1.5.0-1 [85.1 kB]
==> default: Get:3 http://archive.ubuntu.com/ubuntu/ trusty/main libaprutil1 amd64 1.5.3-1 [76.4 kB]
==> default: Get:4 http://archive.ubuntu.com/ubuntu/ trusty-updates/main mysql-common all 5.5.49-0ubuntu0.14.04.1 [12.9 kB]
==> default: Get:5 http://archive.ubuntu.com/ubuntu/ trusty-updates/main libmysqlclient18 amd64 5.5.49-0ubuntu0.14.04.1 [596 kB]
==> default: Get:6 http://archive.ubuntu.com/ubuntu/ trusty/main libdbi-perl amd64 1.630-1 [879 kB]
==> default: Get:7 http://archive.ubuntu.com/ubuntu/ trusty/main libdbd-mysql-perl amd64 4.025-1 [99.3 kB]
==> default: Get:8 http://archive.ubuntu.com/ubuntu/ trusty/main libterm-readkey-perl amd64 2.31-1 [27.4 kB]
==> default: Get:9 http://archive.ubuntu.com/ubuntu/ trusty-updates/main mysql-client-core-5.5 amd64 5.5.49-0ubuntu0.14.04.1 [706 kB]
==> default: Get:10 http://archive.ubuntu.com/ubuntu/ trusty-updates/main mysql-client-5.5 amd64 5.5.49-0ubuntu0.14.04.1 [1,468 kB]
==> default: Get:11 http://archive.ubuntu.com/ubuntu/ trusty-updates/main mysql-server-core-5.5 amd64 5.5.49-0ubuntu0.14.04.1 [3,288 kB]
==> default: Get:12 http://archive.ubuntu.com/ubuntu/ trusty-updates/main mysql-server-5.5 amd64 5.5.49-0ubuntu0.14.04.1 [1,845 kB]
==> default: Get:13 http://archive.ubuntu.com/ubuntu/ trusty/main php5-json amd64 1.3.2-2build1 [34.4 kB]
==> default: Get:14 http://archive.ubuntu.com/ubuntu/ trusty-updates/main php5-common amd64 5.5.9+dfsg-1ubuntu4.17 [444 kB]
==> default: Get:15 http://archive.ubuntu.com/ubuntu/ trusty-updates/main php5-gd amd64 5.5.9+dfsg-1ubuntu4.17 [27.9 kB]
==> default: Get:16 http://archive.ubuntu.com/ubuntu/ trusty-updates/main php5-mysql amd64 5.5.9+dfsg-1ubuntu4.17 [63.0 kB]
==> default: Get:17 http://archive.ubuntu.com/ubuntu/ trusty-updates/main php5-cli amd64 5.5.9+dfsg-1ubuntu4.17 [2,162 kB]
==> default: Get:18 http://archive.ubuntu.com/ubuntu/ trusty-updates/main php5-readline amd64 5.5.9+dfsg-1ubuntu4.17 [12.1 kB]
==> default: Get:19 http://archive.ubuntu.com/ubuntu/ trusty/main libaprutil1-dbd-sqlite3 amd64 1.5.3-1 [10.5 kB]
==> default: Get:20 http://archive.ubuntu.com/ubuntu/ trusty/main libaprutil1-ldap amd64 1.5.3-1 [8,634 B]
==> default: Get:21 http://archive.ubuntu.com/ubuntu/ trusty-updates/main apache2-bin amd64 2.4.7-1ubuntu4.9 [839 kB]
==> default: Get:22 http://archive.ubuntu.com/ubuntu/ trusty-updates/main apache2-data all 2.4.7-1ubuntu4.9 [160 kB]
==> default: Get:23 http://archive.ubuntu.com/ubuntu/ trusty-updates/main apache2 amd64 2.4.7-1ubuntu4.9 [87.5 kB]
==> default: Get:24 http://archive.ubuntu.com/ubuntu/ trusty/main javascript-common all 11 [6,066 B]
==> default: Get:25 http://archive.ubuntu.com/ubuntu/ trusty-updates/main libapache2-mod-php5 amd64 5.5.9+dfsg-1ubuntu4.17 [2,212 kB]
==> default: Get:26 http://archive.ubuntu.com/ubuntu/ trusty/main libhtml-template-perl all 2.95-1 [65.5 kB]
==> default: Get:27 http://archive.ubuntu.com/ubuntu/ trusty/universe libjs-prototype all 1.7.1-3 [44.2 kB]
==> default: Get:28 http://archive.ubuntu.com/ubuntu/ trusty/universe libjs-scriptaculous all 1.9.0-2 [107 kB]
==> default: Get:29 http://archive.ubuntu.com/ubuntu/ trusty/universe libjs-cropper all 1.2.2-1 [139 kB]
==> default: Get:30 http://archive.ubuntu.com/ubuntu/ trusty-updates/main php5 all 5.5.9+dfsg-1ubuntu4.17 [1,312 B]
==> default: Get:31 http://archive.ubuntu.com/ubuntu/ trusty-updates/universe libphp-phpmailer all 5.1-1+deb6u11build0.14.04.1 [61.0 kB]
==> default: Get:32 http://archive.ubuntu.com/ubuntu/ trusty/universe libphp-snoopy all 1.2.4-2 [17.6 kB]
==> default: Get:33 http://archive.ubuntu.com/ubuntu/ trusty-updates/main mysql-server all 5.5.49-0ubuntu0.14.04.1 [11.3 kB]
==> default: Get:34 http://archive.ubuntu.com/ubuntu/ trusty/main ssl-cert all 1.0.33 [16.6 kB]
==> default: Get:35 http://archive.ubuntu.com/ubuntu/ trusty/universe tinymce all 3.4.8+dfsg0-1 [488 kB]
==> default: Get:36 http://archive.ubuntu.com/ubuntu/ trusty-updates/universe wordpress-theme-twentyfourteen all 3.8.2+dfsg-1ubuntu0.1 [741 kB]
==> default: Get:37 http://archive.ubuntu.com/ubuntu/ trusty-updates/universe wordpress all 3.8.2+dfsg-1ubuntu0.1 [3,238 kB]
==> default: Get:38 http://archive.ubuntu.com/ubuntu/ trusty-updates/universe wordpress-l10n all 3.8.2+dfsg-1ubuntu0.1 [3,736 kB]
==> default: Get:39 http://archive.ubuntu.com/ubuntu/ trusty-updates/universe wordpress-theme-twentytwelve all 3.8.2+dfsg-1ubuntu0.1 [372 kB]
==> default: dpkg-preconfigure: unable to re-open stdin: No such file or directory
==> default: Fetched 24.2 MB in 15s (1,604 kB/s)
==> default: Selecting previously unselected package libaio1:amd64.
==> default: (Reading database ... 62985 files and directories currently installed.)
==> default: Preparing to unpack .../libaio1_0.3.109-4_amd64.deb ...
==> default: Unpacking libaio1:amd64 (0.3.109-4) ...
==> default: Selecting previously unselected package libapr1:amd64.
==> default: Preparing to unpack .../libapr1_1.5.0-1_amd64.deb ...
==> default: Unpacking libapr1:amd64 (1.5.0-1) ...
==> default: Selecting previously unselected package libaprutil1:amd64.
==> default: Preparing to unpack .../libaprutil1_1.5.3-1_amd64.deb ...
==> default: Unpacking libaprutil1:amd64 (1.5.3-1) ...
==> default: Selecting previously unselected package mysql-common.
==> default: Preparing to unpack .../mysql-common_5.5.49-0ubuntu0.14.04.1_all.deb ...
==> default: Unpacking mysql-common (5.5.49-0ubuntu0.14.04.1) ...
==> default: Selecting previously unselected package libmysqlclient18:amd64.
==> default: Preparing to unpack .../libmysqlclient18_5.5.49-0ubuntu0.14.04.1_amd64.deb ...
==> default: Unpacking libmysqlclient18:amd64 (5.5.49-0ubuntu0.14.04.1) ...
==> default: Selecting previously unselected package libdbi-perl.
==> default: Preparing to unpack .../libdbi-perl_1.630-1_amd64.deb ...
==> default: Unpacking libdbi-perl (1.630-1) ...
==> default: Selecting previously unselected package libdbd-mysql-perl.
==> default: Preparing to unpack .../libdbd-mysql-perl_4.025-1_amd64.deb ...
==> default: Unpacking libdbd-mysql-perl (4.025-1) ...
==> default: Selecting previously unselected package libterm-readkey-perl.
==> default: Preparing to unpack .../libterm-readkey-perl_2.31-1_amd64.deb ...
==> default: Unpacking libterm-readkey-perl (2.31-1) ...
==> default: Selecting previously unselected package mysql-client-core-5.5.
==> default: Preparing to unpack .../mysql-client-core-5.5_5.5.49-0ubuntu0.14.04.1_amd64.deb ...
==> default: Unpacking mysql-client-core-5.5 (5.5.49-0ubuntu0.14.04.1) ...
==> default: Selecting previously unselected package mysql-client-5.5.
==> default: Preparing to unpack .../mysql-client-5.5_5.5.49-0ubuntu0.14.04.1_amd64.deb ...
==> default: Unpacking mysql-client-5.5 (5.5.49-0ubuntu0.14.04.1) ...
==> default: Selecting previously unselected package mysql-server-core-5.5.
==> default: Preparing to unpack .../mysql-server-core-5.5_5.5.49-0ubuntu0.14.04.1_amd64.deb ...
==> default: Unpacking mysql-server-core-5.5 (5.5.49-0ubuntu0.14.04.1) ...
==> default: Processing triggers for man-db (2.6.7.1-1ubuntu1) ...
==> default: Setting up mysql-common (5.5.49-0ubuntu0.14.04.1) ...
==> default: Selecting previously unselected package mysql-server-5.5.
==> default: (Reading database ... 63365 files and directories currently installed.)
==> default: Preparing to unpack .../mysql-server-5.5_5.5.49-0ubuntu0.14.04.1_amd64.deb ...
==> default: Unpacking mysql-server-5.5 (5.5.49-0ubuntu0.14.04.1) ...
==> default: Selecting previously unselected package php5-json.
==> default: Preparing to unpack .../php5-json_1.3.2-2build1_amd64.deb ...
==> default: Unpacking php5-json (1.3.2-2build1) ...
==> default: Selecting previously unselected package php5-common.
==> default: Preparing to unpack .../php5-common_5.5.9+dfsg-1ubuntu4.17_amd64.deb ...
==> default: Unpacking php5-common (5.5.9+dfsg-1ubuntu4.17) ...
==> default: Selecting previously unselected package php5-gd.
==> default: Preparing to unpack .../php5-gd_5.5.9+dfsg-1ubuntu4.17_amd64.deb ...
==> default: Unpacking php5-gd (5.5.9+dfsg-1ubuntu4.17) ...
==> default: Selecting previously unselected package php5-mysql.
==> default: Preparing to unpack .../php5-mysql_5.5.9+dfsg-1ubuntu4.17_amd64.deb ...
==> default: Unpacking php5-mysql (5.5.9+dfsg-1ubuntu4.17) ...
==> default: Selecting previously unselected package php5-cli.
==> default: Preparing to unpack .../php5-cli_5.5.9+dfsg-1ubuntu4.17_amd64.deb ...
==> default: Unpacking php5-cli (5.5.9+dfsg-1ubuntu4.17) ...
==> default: Selecting previously unselected package php5-readline.
==> default: Preparing to unpack .../php5-readline_5.5.9+dfsg-1ubuntu4.17_amd64.deb ...
==> default: Unpacking php5-readline (5.5.9+dfsg-1ubuntu4.17) ...
==> default: Selecting previously unselected package libaprutil1-dbd-sqlite3:amd64.
==> default: Preparing to unpack .../libaprutil1-dbd-sqlite3_1.5.3-1_amd64.deb ...
==> default: Unpacking libaprutil1-dbd-sqlite3:amd64 (1.5.3-1) ...
==> default: Selecting previously unselected package libaprutil1-ldap:amd64.
==> default: Preparing to unpack .../libaprutil1-ldap_1.5.3-1_amd64.deb ...
==> default: Unpacking libaprutil1-ldap:amd64 (1.5.3-1) ...
==> default: Selecting previously unselected package apache2-bin.
==> default: Preparing to unpack .../apache2-bin_2.4.7-1ubuntu4.9_amd64.deb ...
==> default: Unpacking apache2-bin (2.4.7-1ubuntu4.9) ...
==> default: Selecting previously unselected package apache2-data.
==> default: Preparing to unpack .../apache2-data_2.4.7-1ubuntu4.9_all.deb ...
==> default: Unpacking apache2-data (2.4.7-1ubuntu4.9) ...
==> default: Selecting previously unselected package apache2.
==> default: Preparing to unpack .../apache2_2.4.7-1ubuntu4.9_amd64.deb ...
==> default: Unpacking apache2 (2.4.7-1ubuntu4.9) ...
==> default: Selecting previously unselected package javascript-common.
==> default: Preparing to unpack .../javascript-common_11_all.deb ...
==> default: Unpacking javascript-common (11) ...
==> default: Selecting previously unselected package libapache2-mod-php5.
==> default: Preparing to unpack .../libapache2-mod-php5_5.5.9+dfsg-1ubuntu4.17_amd64.deb ...
==> default: Unpacking libapache2-mod-php5 (5.5.9+dfsg-1ubuntu4.17) ...
==> default: Selecting previously unselected package libhtml-template-perl.
==> default: Preparing to unpack .../libhtml-template-perl_2.95-1_all.deb ...
==> default: Unpacking libhtml-template-perl (2.95-1) ...
==> default: Selecting previously unselected package libjs-prototype.
==> default: Preparing to unpack .../libjs-prototype_1.7.1-3_all.deb ...
==> default: Unpacking libjs-prototype (1.7.1-3) ...
==> default: Selecting previously unselected package libjs-scriptaculous.
==> default: Preparing to unpack .../libjs-scriptaculous_1.9.0-2_all.deb ...
==> default: Unpacking libjs-scriptaculous (1.9.0-2) ...
==> default: Selecting previously unselected package libjs-cropper.
==> default: Preparing to unpack .../libjs-cropper_1.2.2-1_all.deb ...
==> default: Unpacking libjs-cropper (1.2.2-1) ...
==> default: Selecting previously unselected package php5.
==> default: Preparing to unpack .../php5_5.5.9+dfsg-1ubuntu4.17_all.deb ...
==> default: Unpacking php5 (5.5.9+dfsg-1ubuntu4.17) ...
==> default: Selecting previously unselected package libphp-phpmailer.
==> default: Preparing to unpack .../libphp-phpmailer_5.1-1+deb6u11build0.14.04.1_all.deb ...
==> default: Unpacking libphp-phpmailer (5.1-1+deb6u11build0.14.04.1) ...
==> default: Selecting previously unselected package libphp-snoopy.
==> default: Preparing to unpack .../libphp-snoopy_1.2.4-2_all.deb ...
==> default: Unpacking libphp-snoopy (1.2.4-2) ...
==> default: Selecting previously unselected package mysql-server.
==> default: Preparing to unpack .../mysql-server_5.5.49-0ubuntu0.14.04.1_all.deb ...
==> default: Unpacking mysql-server (5.5.49-0ubuntu0.14.04.1) ...
==> default: Selecting previously unselected package ssl-cert.
==> default: Preparing to unpack .../ssl-cert_1.0.33_all.deb ...
==> default: Unpacking ssl-cert (1.0.33) ...
==> default: Selecting previously unselected package tinymce.
==> default: Preparing to unpack .../tinymce_3.4.8+dfsg0-1_all.deb ...
==> default: Unpacking tinymce (3.4.8+dfsg0-1) ...
==> default: Selecting previously unselected package wordpress-theme-twentyfourteen.
==> default: Preparing to unpack .../wordpress-theme-twentyfourteen_3.8.2+dfsg-1ubuntu0.1_all.deb ...
==> default: Unpacking wordpress-theme-twentyfourteen (3.8.2+dfsg-1ubuntu0.1) ...
==> default: Selecting previously unselected package wordpress.
==> default: Preparing to unpack .../wordpress_3.8.2+dfsg-1ubuntu0.1_all.deb ...
==> default: Unpacking wordpress (3.8.2+dfsg-1ubuntu0.1) ...
==> default: Selecting previously unselected package wordpress-l10n.
==> default: Preparing to unpack .../wordpress-l10n_3.8.2+dfsg-1ubuntu0.1_all.deb ...
==> default: Unpacking wordpress-l10n (3.8.2+dfsg-1ubuntu0.1) ...
==> default: Selecting previously unselected package wordpress-theme-twentytwelve.
==> default: Preparing to unpack .../wordpress-theme-twentytwelve_3.8.2+dfsg-1ubuntu0.1_all.deb ...
==> default: Unpacking wordpress-theme-twentytwelve (3.8.2+dfsg-1ubuntu0.1) ...
==> default: Processing triggers for ureadahead (0.100.0-16) ...
==> default: Processing triggers for man-db (2.6.7.1-1ubuntu1) ...
==> default: Processing triggers for ufw (0.34~rc-0ubuntu2) ...
==> default: Setting up libaio1:amd64 (0.3.109-4) ...
==> default: Setting up libapr1:amd64 (1.5.0-1) ...
==> default: Setting up libaprutil1:amd64 (1.5.3-1) ...
==> default: Setting up libmysqlclient18:amd64 (5.5.49-0ubuntu0.14.04.1) ...
==> default: Setting up libdbi-perl (1.630-1) ...
==> default: Setting up libdbd-mysql-perl (4.025-1) ...
==> default: Setting up libterm-readkey-perl (2.31-1) ...
==> default: Setting up mysql-client-core-5.5 (5.5.49-0ubuntu0.14.04.1) ...
==> default: Setting up mysql-client-5.5 (5.5.49-0ubuntu0.14.04.1) ...
==> default: Setting up mysql-server-core-5.5 (5.5.49-0ubuntu0.14.04.1) ...
==> default: Setting up mysql-server-5.5 (5.5.49-0ubuntu0.14.04.1) ...
==> default: 160610 14:35:00 [Warning] Using unique option prefix key_buffer instead of key_buffer_size is deprecated and will be removed in a future release. Please use the full name instead.
==> default: 160610 14:35:00 [Note] /usr/sbin/mysqld (mysqld 5.5.49-0ubuntu0.14.04.1) starting as process 5731 ...
==> default: mysql start/running, process 5863
==> default: Setting up libaprutil1-dbd-sqlite3:amd64 (1.5.3-1) ...
==> default: Setting up libaprutil1-ldap:amd64 (1.5.3-1) ...
==> default: Setting up apache2-bin (2.4.7-1ubuntu4.9) ...
==> default: Setting up apache2-data (2.4.7-1ubuntu4.9) ...
==> default: Setting up apache2 (2.4.7-1ubuntu4.9) ...
==> default: Enabling module mpm_event.
==> default: Enabling module authz_core.
==> default: Enabling module authz_host.
==> default: Enabling module authn_core.
==> default: Enabling module auth_basic.
==> default: Enabling module access_compat.
==> default: Enabling module authn_file.
==> default: Enabling module authz_user.
==> default: Enabling module alias.
==> default: Enabling module dir.
==> default: Enabling module autoindex.
==> default: Enabling module env.
==> default: Enabling module mime.
==> default: Enabling module negotiation.
==> default: Enabling module setenvif.
==> default: Enabling module filter.
==> default: Enabling module deflate.
==> default: Enabling module status.
==> default: Enabling conf charset.
==> default: Enabling conf localized-error-pages.
==> default: Enabling conf other-vhosts-access-log.
==> default: Enabling conf security.
==> default: Enabling conf serve-cgi-bin.
==> default: Enabling site 000-default.
==> default:  * Starting web server apache2
==> default: AH00558: apache2: Could not reliably determine the server's fully qualified domain name, using 10.0.2.15. Set the 'ServerName' directive globally to suppress this message
==> default:  * 
==> default: Setting up javascript-common (11) ...
==> default: apache2_invoke: Enable configuration javascript-common
==> default:  * Reloading web server apache2
==> default:  * 
==> default: Setting up libhtml-template-perl (2.95-1) ...
==> default: Setting up libjs-prototype (1.7.1-3) ...
==> default: Setting up libjs-scriptaculous (1.9.0-2) ...
==> default: Setting up libjs-cropper (1.2.2-1) ...
==> default: Setting up ssl-cert (1.0.33) ...
==> default: Setting up tinymce (3.4.8+dfsg0-1) ...
==> default: Setting up wordpress-theme-twentyfourteen (3.8.2+dfsg-1ubuntu0.1) ...
==> default: Setting up wordpress-theme-twentytwelve (3.8.2+dfsg-1ubuntu0.1) ...
==> default: Processing triggers for ureadahead (0.100.0-16) ...
==> default: Setting up mysql-server (5.5.49-0ubuntu0.14.04.1) ...
==> default: Setting up php5-common (5.5.9+dfsg-1ubuntu4.17) ...
==> default: Creating config file /etc/php5/mods-available/pdo.ini with new version
==> default: php5_invoke: Enable module pdo for apache2 SAPI
==> default: php5_invoke: Enable module pdo for cli SAPI
==> default: Creating config file /etc/php5/mods-available/opcache.ini with new version
==> default: php5_invoke: Enable module opcache for apache2 SAPI
==> default: php5_invoke: Enable module opcache for cli SAPI
==> default: Setting up php5-gd (5.5.9+dfsg-1ubuntu4.17) ...
==> default: Creating config file /etc/php5/mods-available/gd.ini with new version
==> default: php5_invoke: Enable module gd for apache2 SAPI
==> default: php5_invoke: Enable module gd for cli SAPI
==> default: Setting up php5-mysql (5.5.9+dfsg-1ubuntu4.17) ...
==> default: Creating config file /etc/php5/mods-available/mysql.ini with new version
==> default: php5_invoke: Enable module mysql for apache2 SAPI
==> default: php5_invoke: Enable module mysql for cli SAPI
==> default: Creating config file /etc/php5/mods-available/mysqli.ini with new version
==> default: php5_invoke: Enable module mysqli for apache2 SAPI
==> default: php5_invoke: Enable module mysqli for cli SAPI
==> default: Creating config file /etc/php5/mods-available/pdo_mysql.ini with new version
==> default: php5_invoke: Enable module pdo_mysql for apache2 SAPI
==> default: php5_invoke: Enable module pdo_mysql for cli SAPI
==> default: Setting up php5-cli (5.5.9+dfsg-1ubuntu4.17) ...
==> default: update-alternatives: 
==> default: using /usr/bin/php5 to provide /usr/bin/php (php) in auto mode
==> default: Creating config file /etc/php5/cli/php.ini with new version
==> default: php5_invoke pdo: already enabled for cli SAPI
==> default: php5_invoke pdo_mysql: already enabled for cli SAPI
==> default: php5_invoke mysql: already enabled for cli SAPI
==> default: php5_invoke mysqli: already enabled for cli SAPI
==> default: php5_invoke opcache: already enabled for cli SAPI
==> default: php5_invoke gd: already enabled for cli SAPI
==> default: Setting up php5-readline (5.5.9+dfsg-1ubuntu4.17) ...
==> default: Creating config file /etc/php5/mods-available/readline.ini with new version
==> default: php5_invoke: Enable module readline for apache2 SAPI
==> default: php5_invoke: Enable module readline for cli SAPI
==> default: Setting up libphp-phpmailer (5.1-1+deb6u11build0.14.04.1) ...
==> default: Setting up libphp-snoopy (1.2.4-2) ...
==> default: Setting up php5-json (1.3.2-2build1) ...
==> default: php5_invoke: Enable module json for apache2 SAPI
==> default: php5_invoke: Enable module json for cli SAPI
==> default: Processing triggers for ufw (0.34~rc-0ubuntu2) ...
==> default: Setting up libapache2-mod-php5 (5.5.9+dfsg-1ubuntu4.17) ...
==> default: Creating config file /etc/php5/apache2/php.ini with new version
==> default: php5_invoke pdo: already enabled for apache2 SAPI
==> default: php5_invoke pdo_mysql: already enabled for apache2 SAPI
==> default: php5_invoke readline: already enabled for apache2 SAPI
==> default: php5_invoke mysql: already enabled for apache2 SAPI
==> default: php5_invoke json: already enabled for apache2 SAPI
==> default: php5_invoke mysqli: already enabled for apache2 SAPI
==> default: php5_invoke opcache: already enabled for apache2 SAPI
==> default: php5_invoke gd: already enabled for apache2 SAPI
==> default: Module mpm_event disabled.
==> default: Enabling module mpm_prefork.
==> default: apache2_switch_mpm Switch to prefork
==> default:  * Restarting web server apache2
==> default: AH00558: apache2: Could not reliably determine the server's fully qualified domain name, using 10.0.2.15. Set the 'ServerName' directive globally to suppress this message
==> default:    ...done.
==> default: apache2_invoke: Enable module php5
==> default:  * Restarting web server apache2
==> default: AH00558: apache2: Could not reliably determine the server's fully qualified domain name, using 10.0.2.15. Set the 'ServerName' directive globally to suppress this message
==> default:    ...done.
==> default: Setting up php5 (5.5.9+dfsg-1ubuntu4.17) ...
==> default: Setting up wordpress (3.8.2+dfsg-1ubuntu0.1) ...
==> default: Added to /var/lib/wordpress/wp-content/themes: twentyfourteen twentytwelve 
==> default: Added to /var/lib/wordpress/wp-content/plugins: akismet index.php 
==> default: Added to /var/lib/wordpress/wp-content/languages: admin-ar.mo admin-bs_BA.mo admin-ca.mo admin-cy.mo admin-da_DK.mo admin-de_DE.mo admin-es_ES.mo admin-et.mo admin-eu.mo admin-fa_IR.mo admin-fr_FR.mo admin-gl_ES.mo admin-he_IL.mo admin-hr.mo admin-it_IT.mo admin-ja.mo admin-ko_KR.mo admin-my_MM.mo admin-network-ar.mo admin-network-bs_BA.mo admin-network-ca.mo admin-network-cy.mo admin-network-da_DK.mo admin-network-de_DE.mo admin-network-es_ES.mo admin-network-et.mo admin-network-fa_IR.mo admin-network-fr_FR.mo admin-network-gl_ES.mo admin-network-he_IL.mo admin-network-hr.mo admin-network-it_IT.mo admin-network-ja.mo admin-network-ko_KR.mo admin-network-my_MM.mo admin-network-ru_RU.mo admin-network-sk_SK.mo admin-network-sl_SI.mo admin-network-sq.mo admin-network-sr_RS.mo admin-network-sv_SE.mo admin-network-ug_CN.mo admin-network-zh_CN.mo admin-ru_RU.mo admin-sk_SK.mo admin-sl_SI.mo admin-sq.mo admin-sr_RS.mo admin-sv_SE.mo admin-ug_CN.mo admin-zh_CN.mo ar.mo bg_BG.mo bn_BD.mo bs_BA.mo ca.mo ckb.mo continents-cities-bg_BG.mo continents-cities-bs_BA.mo continents-cities-cs_CZ.mo continents-cities-da_DK.mo continents-cities-de_DE.mo continents-cities-en_CA.mo continents-cities-et.mo continents-cities-eu.mo continents-cities-fa_IR.mo continents-cities-fr_FR.mo continents-cities-gd.mo continents-cities-he_IL.mo continents-cities-hr.mo continents-cities-hu_HU.mo continents-cities-it_IT.mo continents-cities-ja.mo continents-cities-ka_GE.mo continents-cities-ko_KR.mo continents-cities-lv.mo continents-cities-my_MM.mo continents-cities-pt_PT.mo continents-cities-ro_RO.mo continents-cities-ru_RU.mo continents-cities-sk_SK.mo continents-cities-sl_SI.mo continents-cities-sq.mo continents-cities-sr_RS.mo continents-cities-su_ID.mo continents-cities-sv_SE.mo continents-cities-ug_CN.mo continents-cities-zh_CN.mo cs_CZ.mo cy.mo da_DK.mo de_DE.mo en_CA.mo eo.mo es_CL.mo es_ES.mo es_PE.mo et.mo eu.mo fa_IR.mo fi.mo fr_FR.mo gd.mo gl_ES.mo he_IL.mo hr.mo hu_HU.mo id_ID.mo it_IT.mo ja.mo jv_ID.mo ka_GE.mo ko_KR.mo lv.mo mk_MK.mo ms_MY.mo my_MM.mo nb_NO.mo nl_NL.mo pl_PL.mo pt_BR.mo pt_PT.mo ro_RO.mo ru_RU.mo ru_UA.mo si_LK.mo sk_SK.mo sl_SI.mo sq.mo sr_RS.mo su_ID.mo sv_SE.mo sw.mo ta_LK.mo th.mo tr_TR.mo ug_CN.mo uk.mo ur.mo zh_CN.mo zh_HK.mo zh_TW.mo 
==> default: Setting up wordpress-l10n (3.8.2+dfsg-1ubuntu0.1) ...
==> default: Processing triggers for libc-bin (2.19-0ubuntu6.7) ...
==> default: Enabling module rewrite.
==> default: To activate the new configuration, you need to run:
==> default:   service apache2 restart
==> default: sed: can't read /etc/apache2/sites-available/default: No such file or directory
==> default:  * Restarting web server apache2
==> default: AH00558: apache2: Could not reliably determine the server's fully qualified domain name, using 10.0.2.15. Set the 'ServerName' directive globally to suppress this message
==> default:    ...done.
